0 verbose cli /usr/local/bin/node /usr/local/bin/npm
1 info using npm@10.1.0
2 info using node@v20.6.1
3 timing npm:load:whichnode Completed in 2ms
4 timing config:load:defaults Completed in 2ms
5 timing config:load:file:/usr/local/lib/node_modules/npm/npmrc Completed in 1ms
6 timing config:load:builtin Completed in 1ms
7 timing config:load:cli Completed in 2ms
8 timing config:load:env Completed in 1ms
9 timing config:load:project Completed in 1ms
10 timing config:load:file:/home/container/.npmrc Completed in 0ms
11 timing config:load:user Completed in 0ms
12 timing config:load:file:/usr/local/etc/npmrc Completed in 1ms
13 timing config:load:global Completed in 1ms
14 timing config:load:setEnvs Completed in 1ms
15 timing config:load Completed in 9ms
16 timing npm:load:configload Completed in 10ms
17 timing config:load:flatten Completed in 87ms
18 timing npm:load:mkdirpcache Completed in 1ms
19 timing npm:load:mkdirplogs Completed in 0ms
20 verbose title npm install
21 verbose argv "install"
22 timing npm:load:setTitle Completed in 1ms
23 timing npm:load:display Completed in 1ms
24 verbose logfile logs-max:10 dir:/home/container/.npm/_logs/2023-09-23T10_17_39_422Z-
25 verbose logfile /home/container/.npm/_logs/2023-09-23T10_17_39_422Z-debug-0.log
26 timing npm:load:logFile Completed in 10ms
27 timing npm:load:timers Completed in 0ms
28 timing npm:load:configScope Completed in 0ms
29 timing npm:load Completed in 296ms
30 timing arborist:ctor Completed in 1ms
31 silly logfile done cleaning log files
32 timing idealTree:init Completed in 421ms
33 timing idealTree:userRequests Completed in 1ms
34 silly idealTree buildDeps
35 timing idealTree:#root Completed in 1ms
36 timing idealTree:buildDeps Completed in 75ms
37 timing idealTree:fixDepFlags Completed in 1ms
38 timing idealTree Completed in 503ms
39 timing reify:loadTrees Completed in 516ms
40 timing reify:diffTrees Completed in 3ms
41 silly reify moves {}
42 timing reify:retireShallow Completed in 2ms
43 timing reify:createSparse Completed in 98ms
44 timing reify:loadBundles Completed in 0ms
45 silly audit bulk request {
45 silly audit   '@discordjs/builders': [ '1.6.5' ],
45 silly audit   '@discordjs/collection': [ '1.5.3' ],
45 silly audit   '@discordjs/formatters': [ '0.3.2' ],
45 silly audit   '@discordjs/rest': [ '2.0.1' ],
45 silly audit   '@discordjs/util': [ '1.0.1' ],
45 silly audit   '@discordjs/ws': [ '1.0.1' ],
45 silly audit   '@sapphire/async-queue': [ '1.5.0' ],
45 silly audit   '@sapphire/shapeshift': [ '3.9.2' ],
45 silly audit   '@sapphire/snowflake': [ '3.5.1' ],
45 silly audit   '@types/node': [ '20.5.6' ],
45 silly audit   '@types/ws': [ '8.5.5' ],
45 silly audit   '@vladfrangu/async_event_emitter': [ '2.2.2' ],
45 silly audit   ajv: [ '6.12.6' ],
45 silly audit   asn1: [ '0.2.6' ],
45 silly audit   'assert-plus': [ '1.0.0' ],
45 silly audit   asynckit: [ '0.4.0' ],
45 silly audit   'aws-sign2': [ '0.7.0' ],
45 silly audit   aws4: [ '1.12.0' ],
45 silly audit   'bcrypt-pbkdf': [ '1.0.2' ],
45 silly audit   busboy: [ '1.6.0' ],
45 silly audit   caseless: [ '0.12.0' ],
45 silly audit   'combined-stream': [ '1.0.8' ],
45 silly audit   'core-util-is': [ '1.0.2' ],
45 silly audit   dashdash: [ '1.14.1' ],
45 silly audit   'delayed-stream': [ '1.0.0' ],
45 silly audit   'discord-api-types': [ '0.37.50' ],
45 silly audit   'discord.js': [ '14.13.0' ],
45 silly audit   'ecc-jsbn': [ '0.1.2' ],
45 silly audit   extend: [ '3.0.2' ],
45 silly audit   extsprintf: [ '1.3.0' ],
45 silly audit   'fast-deep-equal': [ '3.1.3' ],
45 silly audit   'fast-json-stable-stringify': [ '2.1.0' ],
45 silly audit   'forever-agent': [ '0.6.1' ],
45 silly audit   'form-data': [ '2.3.3' ],
45 silly audit   getpass: [ '0.1.7' ],
45 silly audit   'har-schema': [ '2.0.0' ],
45 silly audit   'har-validator': [ '5.1.5' ],
45 silly audit   'http-signature': [ '1.2.0' ],
45 silly audit   'is-typedarray': [ '1.0.0' ],
45 silly audit   isstream: [ '0.1.2' ],
45 silly audit   jsbn: [ '0.1.1' ],
45 silly audit   'json-schema': [ '0.4.0' ],
45 silly audit   'json-schema-traverse': [ '0.4.1' ],
45 silly audit   'json-stringify-safe': [ '5.0.1' ],
45 silly audit   jsprim: [ '1.4.2' ],
45 silly audit   lodash: [ '4.17.21' ],
45 silly audit   'lodash.snakecase': [ '4.1.1' ],
45 silly audit   'magic-bytes.js': [ '1.0.15' ],
45 silly audit   'mime-db': [ '1.52.0' ],
45 silly audit   'mime-types': [ '2.1.35' ],
45 silly audit   'oauth-sign': [ '0.9.0' ],
45 silly audit   'performance-now': [ '2.1.0' ],
45 silly audit   psl: [ '1.9.0' ],
45 silly audit   punycode: [ '2.3.0' ],
45 silly audit   qs: [ '6.5.3' ],
45 silly audit   request: [ '2.88.2' ],
45 silly audit   'safe-buffer': [ '5.2.1' ],
45 silly audit   'safer-buffer': [ '2.1.2' ],
45 silly audit   sshpk: [ '1.17.0' ],
45 silly audit   streamsearch: [ '1.1.0' ],
45 silly audit   'tough-cookie': [ '2.5.0' ],
45 silly audit   'ts-mixer': [ '6.0.3' ],
45 silly audit   tslib: [ '2.6.2' ],
45 silly audit   'tunnel-agent': [ '0.6.0' ],
45 silly audit   tweetnacl: [ '0.14.5' ],
45 silly audit   undici: [ '5.22.1' ],
45 silly audit   'uri-js': [ '4.4.1' ],
45 silly audit   uuid: [ '3.4.0' ],
45 silly audit   verror: [ '1.10.0' ],
45 silly audit   ws: [ '8.13.0' ]
45 silly audit }
46 silly tarball no local data for ws@https://registry.npmjs.org/ws/-/ws-8.13.0.tgz. Extracting by manifest.
47 silly tarball no local data for verror@https://registry.npmjs.org/verror/-/verror-1.10.0.tgz. Extracting by manifest.
48 silly tarball no local data for uuid@https://registry.npmjs.org/uuid/-/uuid-3.4.0.tgz. Extracting by manifest.
49 silly tarball no local data for uri-js@https://registry.npmjs.org/uri-js/-/uri-js-4.4.1.tgz. Extracting by manifest.
50 silly tarball no local data for undici@https://registry.npmjs.org/undici/-/undici-5.22.1.tgz. Extracting by manifest.
51 silly tarball no local data for tweetnacl@https://registry.npmjs.org/tweetnacl/-/tweetnacl-0.14.5.tgz. Extracting by manifest.
52 silly tarball no local data for tunnel-agent@https://registry.npmjs.org/tunnel-agent/-/tunnel-agent-0.6.0.tgz. Extracting by manifest.
53 silly tarball no local data for ts-mixer@https://registry.npmjs.org/ts-mixer/-/ts-mixer-6.0.3.tgz. Extracting by manifest.
54 silly tarball no local data for tslib@https://registry.npmjs.org/tslib/-/tslib-2.6.2.tgz. Extracting by manifest.
55 silly tarball no local data for safe-buffer@https://registry.npmjs.org/safe-buffer/-/safe-buffer-5.2.1.tgz. Extracting by manifest.
56 silly tarball no local data for streamsearch@https://registry.npmjs.org/streamsearch/-/streamsearch-1.1.0.tgz. Extracting by manifest.
57 silly tarball no local data for safer-buffer@https://registry.npmjs.org/safer-buffer/-/safer-buffer-2.1.2.tgz. Extracting by manifest.
58 silly tarball no local data for tough-cookie@https://registry.npmjs.org/tough-cookie/-/tough-cookie-2.5.0.tgz. Extracting by manifest.
59 silly tarball no local data for request@https://registry.npmjs.org/request/-/request-2.88.2.tgz. Extracting by manifest.
60 silly tarball no local data for sshpk@https://registry.npmjs.org/sshpk/-/sshpk-1.17.0.tgz. Extracting by manifest.
61 silly tarball no local data for qs@https://registry.npmjs.org/qs/-/qs-6.5.3.tgz. Extracting by manifest.
62 silly tarball no local data for psl@https://registry.npmjs.org/psl/-/psl-1.9.0.tgz. Extracting by manifest.
63 silly tarball no local data for punycode@https://registry.npmjs.org/punycode/-/punycode-2.3.0.tgz. Extracting by manifest.
64 silly tarball no local data for performance-now@https://registry.npmjs.org/performance-now/-/performance-now-2.1.0.tgz. Extracting by manifest.
65 silly tarball no local data for oauth-sign@https://registry.npmjs.org/oauth-sign/-/oauth-sign-0.9.0.tgz. Extracting by manifest.
66 silly tarball no local data for mime-db@https://registry.npmjs.org/mime-db/-/mime-db-1.52.0.tgz. Extracting by manifest.
67 silly tarball no local data for mime-types@https://registry.npmjs.org/mime-types/-/mime-types-2.1.35.tgz. Extracting by manifest.
68 silly tarball no local data for magic-bytes.js@https://registry.npmjs.org/magic-bytes.js/-/magic-bytes.js-1.0.15.tgz. Extracting by manifest.
69 silly tarball no local data for lodash@https://registry.npmjs.org/lodash/-/lodash-4.17.21.tgz. Extracting by manifest.
70 silly tarball no local data for lodash.snakecase@https://registry.npmjs.org/lodash.snakecase/-/lodash.snakecase-4.1.1.tgz. Extracting by manifest.
71 silly tarball no local data for jsprim@https://registry.npmjs.org/jsprim/-/jsprim-1.4.2.tgz. Extracting by manifest.
72 silly tarball no local data for json-schema-traverse@https://registry.npmjs.org/json-schema-traverse/-/json-schema-traverse-0.4.1.tgz. Extracting by manifest.
73 silly tarball no local data for json-stringify-safe@https://registry.npmjs.org/json-stringify-safe/-/json-stringify-safe-5.0.1.tgz. Extracting by manifest.
74 silly tarball no local data for jsbn@https://registry.npmjs.org/jsbn/-/jsbn-0.1.1.tgz. Extracting by manifest.
75 silly tarball no local data for isstream@https://registry.npmjs.org/isstream/-/isstream-0.1.2.tgz. Extracting by manifest.
76 silly tarball no local data for json-schema@https://registry.npmjs.org/json-schema/-/json-schema-0.4.0.tgz. Extracting by manifest.
77 silly tarball no local data for is-typedarray@https://registry.npmjs.org/is-typedarray/-/is-typedarray-1.0.0.tgz. Extracting by manifest.
78 silly tarball no local data for har-validator@https://registry.npmjs.org/har-validator/-/har-validator-5.1.5.tgz. Extracting by manifest.
79 silly tarball no local data for har-schema@https://registry.npmjs.org/har-schema/-/har-schema-2.0.0.tgz. Extracting by manifest.
80 silly tarball no local data for form-data@https://registry.npmjs.org/form-data/-/form-data-2.3.3.tgz. Extracting by manifest.
81 silly tarball no local data for http-signature@https://registry.npmjs.org/http-signature/-/http-signature-1.2.0.tgz. Extracting by manifest.
82 silly tarball no local data for getpass@https://registry.npmjs.org/getpass/-/getpass-0.1.7.tgz. Extracting by manifest.
83 silly tarball no local data for forever-agent@https://registry.npmjs.org/forever-agent/-/forever-agent-0.6.1.tgz. Extracting by manifest.
84 silly tarball no local data for fast-deep-equal@https://registry.npmjs.org/fast-deep-equal/-/fast-deep-equal-3.1.3.tgz. Extracting by manifest.
85 silly tarball no local data for fast-json-stable-stringify@https://registry.npmjs.org/fast-json-stable-stringify/-/fast-json-stable-stringify-2.1.0.tgz. Extracting by manifest.
86 silly tarball no local data for extsprintf@https://registry.npmjs.org/extsprintf/-/extsprintf-1.3.0.tgz. Extracting by manifest.
87 silly tarball no local data for ecc-jsbn@https://registry.npmjs.org/ecc-jsbn/-/ecc-jsbn-0.1.2.tgz. Extracting by manifest.
88 silly tarball no local data for discord.js@https://registry.npmjs.org/discord.js/-/discord.js-14.13.0.tgz. Extracting by manifest.
89 silly tarball no local data for extend@https://registry.npmjs.org/extend/-/extend-3.0.2.tgz. Extracting by manifest.
90 silly tarball no local data for discord-api-types@https://registry.npmjs.org/discord-api-types/-/discord-api-types-0.37.50.tgz. Extracting by manifest.
91 silly tarball no local data for dashdash@https://registry.npmjs.org/dashdash/-/dashdash-1.14.1.tgz. Extracting by manifest.
92 silly tarball no local data for delayed-stream@https://registry.npmjs.org/delayed-stream/-/delayed-stream-1.0.0.tgz. Extracting by manifest.
93 silly tarball no local data for core-util-is@https://registry.npmjs.org/core-util-is/-/core-util-is-1.0.2.tgz. Extracting by manifest.
94 silly tarball no local data for caseless@https://registry.npmjs.org/caseless/-/caseless-0.12.0.tgz. Extracting by manifest.
95 silly tarball no local data for busboy@https://registry.npmjs.org/busboy/-/busboy-1.6.0.tgz. Extracting by manifest.
96 silly tarball no local data for combined-stream@https://registry.npmjs.org/combined-stream/-/combined-stream-1.0.8.tgz. Extracting by manifest.
97 silly tarball no local data for bcrypt-pbkdf@https://registry.npmjs.org/bcrypt-pbkdf/-/bcrypt-pbkdf-1.0.2.tgz. Extracting by manifest.
98 silly tarball no local data for aws-sign2@https://registry.npmjs.org/aws-sign2/-/aws-sign2-0.7.0.tgz. Extracting by manifest.
99 silly tarball no local data for aws4@https://registry.npmjs.org/aws4/-/aws4-1.12.0.tgz. Extracting by manifest.
100 silly tarball no local data for asynckit@https://registry.npmjs.org/asynckit/-/asynckit-0.4.0.tgz. Extracting by manifest.
101 silly tarball no local data for asn1@https://registry.npmjs.org/asn1/-/asn1-0.2.6.tgz. Extracting by manifest.
102 silly tarball no local data for ajv@https://registry.npmjs.org/ajv/-/ajv-6.12.6.tgz. Extracting by manifest.
103 silly tarball no local data for assert-plus@https://registry.npmjs.org/assert-plus/-/assert-plus-1.0.0.tgz. Extracting by manifest.
104 silly tarball no local data for @vladfrangu/async_event_emitter@https://registry.npmjs.org/@vladfrangu/async_event_emitter/-/async_event_emitter-2.2.2.tgz. Extracting by manifest.
105 silly tarball no local data for @discordjs/rest@https://registry.npmjs.org/@discordjs/rest/-/rest-2.0.1.tgz. Extracting by manifest.
106 silly tarball no local data for @types/node@https://registry.npmjs.org/@types/node/-/node-20.5.6.tgz. Extracting by manifest.
107 silly tarball no local data for @types/ws@https://registry.npmjs.org/@types/ws/-/ws-8.5.5.tgz. Extracting by manifest.
108 silly tarball no local data for @sapphire/snowflake@https://registry.npmjs.org/@sapphire/snowflake/-/snowflake-3.5.1.tgz. Extracting by manifest.
109 silly tarball no local data for @sapphire/shapeshift@https://registry.npmjs.org/@sapphire/shapeshift/-/shapeshift-3.9.2.tgz. Extracting by manifest.
110 silly tarball no local data for @discordjs/formatters@https://registry.npmjs.org/@discordjs/formatters/-/formatters-0.3.2.tgz. Extracting by manifest.
111 silly tarball no local data for @discordjs/collection@https://registry.npmjs.org/@discordjs/collection/-/collection-1.5.3.tgz. Extracting by manifest.
112 silly tarball no local data for @discordjs/builders@https://registry.npmjs.org/@discordjs/builders/-/builders-1.6.5.tgz. Extracting by manifest.
113 silly tarball no local data for @sapphire/async-queue@https://registry.npmjs.org/@sapphire/async-queue/-/async-queue-1.5.0.tgz. Extracting by manifest.
114 silly tarball no local data for @discordjs/ws@https://registry.npmjs.org/@discordjs/ws/-/ws-1.0.1.tgz. Extracting by manifest.
115 silly tarball no local data for @discordjs/util@https://registry.npmjs.org/@discordjs/util/-/util-1.0.1.tgz. Extracting by manifest.
116 http fetch POST 200 https://registry.npmjs.org/-/npm/v1/security/advisories/bulk 2404ms
117 timing auditReport:getReport Completed in 2411ms
118 silly audit report {
118 silly audit report   request: [
118 silly audit report     {
118 silly audit report       id: 1092972,
118 silly audit report       url: 'https://github.com/advisories/GHSA-p8p7-x288-28g6',
118 silly audit report       title: 'Server-Side Request Forgery in Request',
118 silly audit report       severity: 'moderate',
118 silly audit report       vulnerable_versions: '<=2.88.2',
118 silly audit report       cwe: [Array],
118 silly audit report       cvss: [Object]
118 silly audit report     }
118 silly audit report   ],
118 silly audit report   'tough-cookie': [
118 silly audit report     {
118 silly audit report       id: 1092470,
118 silly audit report       url: 'https://github.com/advisories/GHSA-72xf-g2v4-qvf3',
118 silly audit report       title: 'tough-cookie Prototype Pollution vulnerability',
118 silly audit report       severity: 'moderate',
118 silly audit report       vulnerable_versions: '<4.1.3',
118 silly audit report       cwe: [Array],
118 silly audit report       cvss: [Object]
118 silly audit report     }
118 silly audit report   ]
118 silly audit report }
119 timing metavuln:cache:get:security-advisory:request:koWeGxnAvq4FABswDKpuz/5A9Fh4CEpyLScKR4Vcx8PqZAOQWapHQFcG4Z93jnNvMUUR00ZbC/YEgKSGkn+lcw== Completed in 911ms
120 timing metavuln:cache:get:security-advisory:tough-cookie:VNuwVxANcCKf9fmuD0Vt2V7tyUFg0MOcTBXo66LvguhCeFU0pqdKjCffmtFFsDUZMFdCTHimURRZB0jVSz1wRg== Completed in 909ms
121 http fetch GET 200 https://registry.npmjs.org/combined-stream/-/combined-stream-1.0.8.tgz 6793ms (cache miss)
122 timing reifyNode:node_modules/combined-stream Completed in 7790ms
123 http fetch GET 200 https://registry.npmjs.org/is-typedarray/-/is-typedarray-1.0.0.tgz 6903ms (cache miss)
124 timing reifyNode:node_modules/is-typedarray Completed in 7791ms
125 http fetch GET 200 https://registry.npmjs.org/assert-plus/-/assert-plus-1.0.0.tgz 6708ms (cache miss)
126 timing reifyNode:node_modules/assert-plus Completed in 7790ms
127 http fetch GET 200 https://registry.npmjs.org/getpass/-/getpass-0.1.7.tgz 6912ms (cache miss)
128 timing reifyNode:node_modules/getpass Completed in 7889ms
129 http fetch GET 200 https://registry.npmjs.org/delayed-stream/-/delayed-stream-1.0.0.tgz 6899ms (cache miss)
130 timing reifyNode:node_modules/delayed-stream Completed in 7889ms
131 http fetch GET 200 https://registry.npmjs.org/fast-deep-equal/-/fast-deep-equal-3.1.3.tgz 6910ms (cache miss)
132 timing reifyNode:node_modules/fast-deep-equal Completed in 7890ms
133 http fetch GET 200 https://registry.npmjs.org/har-validator/-/har-validator-5.1.5.tgz 7002ms (cache miss)
134 warn deprecated har-validator@5.1.5: this library is no longer supported
135 timing reifyNode:node_modules/har-validator Completed in 7891ms
136 http fetch GET 200 https://registry.npmjs.org/forever-agent/-/forever-agent-0.6.1.tgz 6914ms (cache miss)
137 timing reifyNode:node_modules/forever-agent Completed in 7892ms
138 http fetch GET 200 https://registry.npmjs.org/@types/ws/-/ws-8.5.5.tgz 6805ms (cache miss)
139 timing reifyNode:node_modules/@types/ws Completed in 7891ms
140 http fetch GET 200 https://registry.npmjs.org/extend/-/extend-3.0.2.tgz 6905ms (cache miss)
141 timing reifyNode:node_modules/extend Completed in 7892ms
142 http fetch GET 200 https://registry.npmjs.org/aws-sign2/-/aws-sign2-0.7.0.tgz 6895ms (cache miss)
143 timing reifyNode:node_modules/aws-sign2 Completed in 7892ms
144 http fetch GET 200 https://registry.npmjs.org/caseless/-/caseless-0.12.0.tgz 6899ms (cache miss)
145 timing reifyNode:node_modules/caseless Completed in 7893ms
146 http fetch GET 200 https://registry.npmjs.org/har-schema/-/har-schema-2.0.0.tgz 7096ms (cache miss)
147 http fetch GET 200 https://registry.npmjs.org/asynckit/-/asynckit-0.4.0.tgz 7010ms (cache miss)
148 http fetch GET 200 https://registry.npmjs.org/@sapphire/async-queue/-/async-queue-1.5.0.tgz 6997ms (cache miss)
149 http fetch GET 200 https://registry.npmjs.org/isstream/-/isstream-0.1.2.tgz 7210ms (cache miss)
150 timing reifyNode:node_modules/isstream Completed in 8093ms
151 http fetch GET 200 https://registry.npmjs.org/aws4/-/aws4-1.12.0.tgz 7093ms (cache miss)
152 timing reifyNode:node_modules/aws4 Completed in 8091ms
153 http fetch GET 200 https://registry.npmjs.org/core-util-is/-/core-util-is-1.0.2.tgz 7099ms (cache miss)
154 timing reifyNode:node_modules/core-util-is Completed in 8093ms
155 http fetch GET 200 https://registry.npmjs.org/tough-cookie 5702ms (cache miss)
156 timing metavuln:packument:tough-cookie Completed in 5703ms
157 timing metavuln:load:security-advisory:tough-cookie:1092470 Completed in 85ms
158 http fetch GET 200 https://registry.npmjs.org/oauth-sign/-/oauth-sign-0.9.0.tgz 7395ms (cache miss)
159 timing reifyNode:node_modules/oauth-sign Completed in 8184ms
160 http fetch GET 200 https://registry.npmjs.org/json-stringify-safe/-/json-stringify-safe-5.0.1.tgz 7304ms (cache miss)
161 timing reifyNode:node_modules/json-stringify-safe Completed in 8183ms
162 http fetch GET 200 https://registry.npmjs.org/request 5792ms (cache miss)
163 timing metavuln:packument:request Completed in 5796ms
164 timing metavuln:load:security-advisory:request:1092972 Completed in 90ms
165 http fetch GET 200 https://registry.npmjs.org/tunnel-agent/-/tunnel-agent-0.6.0.tgz 7587ms (cache miss)
166 timing reifyNode:node_modules/tunnel-agent Completed in 8284ms
167 timing reifyNode:node_modules/har-schema Completed in 8279ms
168 http fetch GET 200 https://registry.npmjs.org/ecc-jsbn/-/ecc-jsbn-0.1.2.tgz 7495ms (cache miss)
169 timing reifyNode:node_modules/ecc-jsbn Completed in 8480ms
170 http fetch GET 200 https://registry.npmjs.org/mime-types/-/mime-types-2.1.35.tgz 7691ms (cache miss)
171 timing reifyNode:node_modules/mime-types Completed in 8485ms
172 http fetch GET 200 https://registry.npmjs.org/punycode/-/punycode-2.3.0.tgz 7700ms (cache miss)
173 timing reifyNode:node_modules/punycode Completed in 8487ms
174 http fetch GET 200 https://registry.npmjs.org/lodash.snakecase/-/lodash.snakecase-4.1.1.tgz 7685ms (cache miss)
175 timing reifyNode:node_modules/lodash.snakecase Completed in 8486ms
176 timing reifyNode:node_modules/@sapphire/async-queue Completed in 8481ms
177 timing reifyNode:node_modules/asynckit Completed in 8483ms
178 http fetch GET 200 https://registry.npmjs.org/performance-now/-/performance-now-2.1.0.tgz 7795ms (cache miss)
179 http fetch GET 200 https://registry.npmjs.org/extsprintf/-/extsprintf-1.3.0.tgz 7604ms (cache miss)
180 timing reifyNode:node_modules/extsprintf Completed in 8589ms
181 http fetch GET 200 https://registry.npmjs.org/streamsearch/-/streamsearch-1.1.0.tgz 7895ms (cache miss)
182 timing reifyNode:node_modules/streamsearch Completed in 8595ms
183 http fetch GET 200 https://registry.npmjs.org/safe-buffer/-/safe-buffer-5.2.1.tgz 7896ms (cache miss)
184 timing reifyNode:node_modules/safe-buffer Completed in 8595ms
185 http fetch GET 200 https://registry.npmjs.org/bcrypt-pbkdf/-/bcrypt-pbkdf-1.0.2.tgz 7594ms (cache miss)
186 timing reifyNode:node_modules/bcrypt-pbkdf Completed in 8590ms
187 http fetch GET 200 https://registry.npmjs.org/asn1/-/asn1-0.2.6.tgz 7511ms (cache miss)
188 timing reifyNode:node_modules/asn1 Completed in 8591ms
189 http fetch GET 200 https://registry.npmjs.org/json-schema/-/json-schema-0.4.0.tgz 7709ms (cache miss)
190 timing reifyNode:node_modules/json-schema Completed in 8594ms
191 http fetch GET 200 https://registry.npmjs.org/ws/-/ws-8.13.0.tgz 7994ms (cache miss)
192 http fetch GET 200 https://registry.npmjs.org/fast-json-stable-stringify/-/fast-json-stable-stringify-2.1.0.tgz 7795ms (cache miss)
193 timing reifyNode:node_modules/fast-json-stable-stringify Completed in 8779ms
194 http fetch GET 200 https://registry.npmjs.org/@discordjs/util/-/util-1.0.1.tgz 7682ms (cache miss)
195 timing reifyNode:node_modules/@discordjs/util Completed in 8777ms
196 timing reifyNode:node_modules/performance-now Completed in 8783ms
197 http fetch GET 200 https://registry.npmjs.org/safer-buffer/-/safer-buffer-2.1.2.tgz 8085ms (cache miss)
198 timing reifyNode:node_modules/safer-buffer Completed in 8785ms
199 http fetch GET 200 https://registry.npmjs.org/jsprim/-/jsprim-1.4.2.tgz 7983ms (cache miss)
200 timing reifyNode:node_modules/jsprim Completed in 8783ms
201 timing reifyNode:node_modules/ws Completed in 8993ms
202 http fetch GET 200 https://registry.npmjs.org/json-schema-traverse/-/json-schema-traverse-0.4.1.tgz 8187ms (cache miss)
203 timing reifyNode:node_modules/json-schema-traverse Completed in 8988ms
204 http fetch GET 200 https://registry.npmjs.org/verror/-/verror-1.10.0.tgz 8302ms (cache miss)
205 timing reifyNode:node_modules/verror Completed in 8996ms
206 http fetch GET 200 https://registry.npmjs.org/http-signature/-/http-signature-1.2.0.tgz 8197ms (cache miss)
207 timing reifyNode:node_modules/http-signature Completed in 9089ms
208 http fetch GET 200 https://registry.npmjs.org/@sapphire/snowflake/-/snowflake-3.5.1.tgz 8000ms (cache miss)
209 timing reifyNode:node_modules/@sapphire/snowflake Completed in 9088ms
210 http fetch GET 200 https://registry.npmjs.org/jsbn/-/jsbn-0.1.1.tgz 8211ms (cache miss)
211 timing reifyNode:node_modules/jsbn Completed in 9091ms
212 http fetch GET 200 https://registry.npmjs.org/dashdash/-/dashdash-1.14.1.tgz 8201ms (cache miss)
213 timing reifyNode:node_modules/dashdash Completed in 9190ms
214 http fetch GET 200 https://registry.npmjs.org/tough-cookie/-/tough-cookie-2.5.0.tgz 8512ms (cache miss)
215 timing reifyNode:node_modules/tough-cookie Completed in 9294ms
216 timing metavuln:cache:put:security-advisory:request:koWeGxnAvq4FABswDKpuz/5A9Fh4CEpyLScKR4Vcx8PqZAOQWapHQFcG4Z93jnNvMUUR00ZbC/YEgKSGkn+lcw== Completed in 1111ms
217 timing metavuln:calculate:security-advisory:request:1092972 Completed in 6999ms
218 timing metavuln:cache:put:security-advisory:tough-cookie:VNuwVxANcCKf9fmuD0Vt2V7tyUFg0MOcTBXo66LvguhCeFU0pqdKjCffmtFFsDUZMFdCTHimURRZB0jVSz1wRg== Completed in 1297ms
219 timing metavuln:calculate:security-advisory:tough-cookie:1092470 Completed in 7085ms
220 timing metavuln:cache:get:security-advisory:request:ha9I6cGuLN/1vrRjDs9jKCHGoyshzsZrn3liVXlwfWRxB2E/mWSVQsFkapkL7FqkKtl0mJVld9k3Junaf5/m0g== Completed in 83ms
221 timing metavuln:load:security-advisory:request:VNuwVxANcCKf9fmuD0Vt2V7tyUFg0MOcTBXo66LvguhCeFU0pqdKjCffmtFFsDUZMFdCTHimURRZB0jVSz1wRg== Completed in 203ms
222 http fetch GET 200 https://registry.npmjs.org/tslib/-/tslib-2.6.2.tgz 9190ms (cache miss)
223 timing reifyNode:node_modules/tslib Completed in 9889ms
224 http fetch GET 200 https://registry.npmjs.org/mime-db/-/mime-db-1.52.0.tgz 9589ms (cache miss)
225 timing reifyNode:node_modules/mime-db Completed in 10381ms
226 http fetch GET 200 https://registry.npmjs.org/magic-bytes.js/-/magic-bytes.js-1.0.15.tgz 9586ms (cache miss)
227 timing reifyNode:node_modules/magic-bytes.js Completed in 10381ms
228 http fetch GET 200 https://registry.npmjs.org/form-data/-/form-data-2.3.3.tgz 9588ms (cache miss)
229 timing reifyNode:node_modules/form-data Completed in 10480ms
230 http fetch GET 200 https://registry.npmjs.org/@discordjs/formatters/-/formatters-0.3.2.tgz 9388ms (cache miss)
231 timing reifyNode:node_modules/@discordjs/formatters Completed in 10478ms
232 http fetch GET 200 https://registry.npmjs.org/uuid/-/uuid-3.4.0.tgz 9799ms (cache miss)
233 warn deprecated uuid@3.4.0: Please upgrade  to version 7 or higher.  Older versions may use Math.random() in certain circumstances, which is known to be problematic.  See https://v8.dev/blog/math-random for details.
234 timing reifyNode:node_modules/uuid Completed in 10493ms
235 http fetch GET 200 https://registry.npmjs.org/@discordjs/collection/-/collection-1.5.3.tgz 9489ms (cache miss)
236 timing reifyNode:node_modules/@discordjs/collection Completed in 10579ms
237 http fetch GET 200 https://registry.npmjs.org/qs/-/qs-6.5.3.tgz 9907ms (cache miss)
238 timing reifyNode:node_modules/qs Completed in 10693ms
239 timing metavuln:cache:put:security-advisory:request:ha9I6cGuLN/1vrRjDs9jKCHGoyshzsZrn3liVXlwfWRxB2E/mWSVQsFkapkL7FqkKtl0mJVld9k3Junaf5/m0g== Completed in 894ms
240 timing metavuln:calculate:security-advisory:request:VNuwVxANcCKf9fmuD0Vt2V7tyUFg0MOcTBXo66LvguhCeFU0pqdKjCffmtFFsDUZMFdCTHimURRZB0jVSz1wRg== Completed in 1181ms
241 timing auditReport:init Completed in 8388ms
242 timing reify:audit Completed in 10800ms
243 http fetch GET 200 https://registry.npmjs.org/busboy/-/busboy-1.6.0.tgz 9782ms (cache miss)
244 timing reifyNode:node_modules/busboy Completed in 10777ms
245 http fetch GET 200 https://registry.npmjs.org/@vladfrangu/async_event_emitter/-/async_event_emitter-2.2.2.tgz 9693ms (cache miss)
246 timing reifyNode:node_modules/@vladfrangu/async_event_emitter Completed in 10777ms
247 http fetch GET 200 https://registry.npmjs.org/tweetnacl/-/tweetnacl-0.14.5.tgz 10189ms (cache miss)
248 timing reifyNode:node_modules/tweetnacl Completed in 10886ms
249 http fetch GET 200 https://registry.npmjs.org/ts-mixer/-/ts-mixer-6.0.3.tgz 10188ms (cache miss)
250 timing reifyNode:node_modules/ts-mixer Completed in 10885ms
251 http fetch GET 200 https://registry.npmjs.org/request/-/request-2.88.2.tgz 10307ms (cache miss)
252 warn deprecated request@2.88.2: request has been deprecated, see https://github.com/request/request/issues/3142
253 timing reifyNode:node_modules/request Completed in 11091ms
254 http fetch GET 200 https://registry.npmjs.org/@discordjs/builders/-/builders-1.6.5.tgz 10388ms (cache miss)
255 timing reifyNode:node_modules/@discordjs/builders Completed in 11479ms
256 http fetch GET 200 https://registry.npmjs.org/psl/-/psl-1.9.0.tgz 10895ms (cache miss)
257 timing reifyNode:node_modules/psl Completed in 11681ms
258 http fetch GET 200 https://registry.npmjs.org/@discordjs/ws/-/ws-1.0.1.tgz 10990ms (cache miss)
259 timing reifyNode:node_modules/@discordjs/ws Completed in 12084ms
260 http fetch GET 200 https://registry.npmjs.org/sshpk/-/sshpk-1.17.0.tgz 11318ms (cache miss)
261 timing reifyNode:node_modules/sshpk Completed in 12103ms
262 http fetch GET 200 https://registry.npmjs.org/@discordjs/rest/-/rest-2.0.1.tgz 11200ms (cache miss)
263 timing reifyNode:node_modules/@discordjs/rest Completed in 12284ms
264 http fetch GET 200 https://registry.npmjs.org/@sapphire/shapeshift/-/shapeshift-3.9.2.tgz 11388ms (cache miss)
265 timing reifyNode:node_modules/@sapphire/shapeshift Completed in 12477ms
266 http fetch GET 200 https://registry.npmjs.org/uri-js/-/uri-js-4.4.1.tgz 11798ms (cache miss)
267 timing reifyNode:node_modules/uri-js Completed in 12588ms
268 http fetch GET 200 https://registry.npmjs.org/npm 14386ms (cache miss)
269 http fetch GET 200 https://registry.npmjs.org/ajv/-/ajv-6.12.6.tgz 12810ms (cache miss)
270 timing reifyNode:node_modules/ajv Completed in 13891ms
271 http fetch GET 200 https://registry.npmjs.org/undici/-/undici-5.22.1.tgz 14292ms (cache miss)
272 timing reifyNode:node_modules/undici Completed in 14989ms
273 http fetch GET 200 https://registry.npmjs.org/@types/node/-/node-20.5.6.tgz 14907ms (cache miss)
274 timing reifyNode:node_modules/@types/node Completed in 15994ms
275 http fetch GET 200 https://registry.npmjs.org/discord.js/-/discord.js-14.13.0.tgz 15895ms (cache miss)
276 timing reifyNode:node_modules/discord.js Completed in 16882ms
277 http fetch GET 200 https://registry.npmjs.org/lodash/-/lodash-4.17.21.tgz 18488ms (cache miss)
278 timing reifyNode:node_modules/lodash Completed in 19286ms
279 http fetch GET 200 https://registry.npmjs.org/discord-api-types/-/discord-api-types-0.37.50.tgz 18397ms (cache miss)
280 timing reifyNode:node_modules/discord-api-types Completed in 19385ms
281 timing reify:unpack Completed in 19395ms
282 timing reify:unretire Completed in 1ms
283 timing build:queue Completed in 90ms
284 timing build:link:node_modules/sshpk Completed in 5ms
285 timing build:link:node_modules/uuid Completed in 3ms
286 timing build:link Completed in 6ms
287 timing build:deps Completed in 96ms
288 timing build Completed in 96ms
289 timing reify:build Completed in 97ms
290 timing reify:trash Completed in 0ms
291 timing reify:save Completed in 118ms
292 timing reify Completed in 20891ms
293 silly ADD node_modules/ws
294 silly ADD node_modules/verror
295 silly ADD node_modules/uuid
296 silly ADD node_modules/uri-js
297 silly ADD node_modules/undici
298 silly ADD node_modules/tweetnacl
299 silly ADD node_modules/tunnel-agent
300 silly ADD node_modules/tslib
301 silly ADD node_modules/ts-mixer
302 silly ADD node_modules/tough-cookie
303 silly ADD node_modules/streamsearch
304 silly ADD node_modules/sshpk
305 silly ADD node_modules/safer-buffer
306 silly ADD node_modules/safe-buffer
307 silly ADD node_modules/request
308 silly ADD node_modules/qs
309 silly ADD node_modules/punycode
310 silly ADD node_modules/psl
311 silly ADD node_modules/performance-now
312 silly ADD node_modules/oauth-sign
313 silly ADD node_modules/mime-types
314 silly ADD node_modules/mime-db
315 silly ADD node_modules/magic-bytes.js
316 silly ADD node_modules/lodash.snakecase
317 silly ADD node_modules/lodash
318 silly ADD node_modules/jsprim
319 silly ADD node_modules/json-stringify-safe
320 silly ADD node_modules/json-schema-traverse
321 silly ADD node_modules/json-schema
322 silly ADD node_modules/jsbn
323 silly ADD node_modules/isstream
324 silly ADD node_modules/is-typedarray
325 silly ADD node_modules/http-signature
326 silly ADD node_modules/har-validator
327 silly ADD node_modules/har-schema
328 silly ADD node_modules/getpass
329 silly ADD node_modules/form-data
330 silly ADD node_modules/forever-agent
331 silly ADD node_modules/fast-json-stable-stringify
332 silly ADD node_modules/fast-deep-equal
333 silly ADD node_modules/extsprintf
334 silly ADD node_modules/extend
335 silly ADD node_modules/ecc-jsbn
336 silly ADD node_modules/discord.js
337 silly ADD node_modules/discord-api-types
338 silly ADD node_modules/delayed-stream
339 silly ADD node_modules/dashdash
340 silly ADD node_modules/core-util-is
341 silly ADD node_modules/combined-stream
342 silly ADD node_modules/caseless
343 silly ADD node_modules/busboy
344 silly ADD node_modules/bcrypt-pbkdf
345 silly ADD node_modules/aws4
346 silly ADD node_modules/aws-sign2
347 silly ADD node_modules/asynckit
348 silly ADD node_modules/assert-plus
349 silly ADD node_modules/asn1
350 silly ADD node_modules/ajv
351 silly ADD node_modules/@vladfrangu/async_event_emitter
352 silly ADD node_modules/@types/ws
353 silly ADD node_modules/@types/node
354 silly ADD node_modules/@sapphire/snowflake
355 silly ADD node_modules/@sapphire/shapeshift
356 silly ADD node_modules/@sapphire/async-queue
357 silly ADD node_modules/@discordjs/ws
358 silly ADD node_modules/@discordjs/util
359 silly ADD node_modules/@discordjs/rest
360 silly ADD node_modules/@discordjs/formatters
361 silly ADD node_modules/@discordjs/collection
362 silly ADD node_modules/@discordjs/builders
363 timing command:install Completed in 20993ms
364 verbose exit 0
365 timing npm Completed in 22186ms
366 info ok
