0 verbose cli /usr/local/bin/node /usr/local/bin/npm
1 info using npm@10.1.0
2 info using node@v20.7.0
3 timing npm:load:whichnode Completed in 4ms
4 timing config:load:defaults Completed in 82ms
5 timing config:load:file:/usr/local/lib/node_modules/npm/npmrc Completed in 98ms
6 timing config:load:builtin Completed in 99ms
7 timing config:load:cli Completed in 3ms
8 timing config:load:env Completed in 1ms
9 timing config:load:project Completed in 1ms
10 timing config:load:file:/home/container/.npmrc Completed in 0ms
11 timing config:load:user Completed in 0ms
12 timing config:load:file:/usr/local/etc/npmrc Completed in 0ms
13 timing config:load:global Completed in 0ms
14 timing config:load:setEnvs Completed in 3ms
15 timing config:load Completed in 190ms
16 timing npm:load:configload Completed in 190ms
17 timing config:load:flatten Completed in 78ms
18 timing npm:load:mkdirpcache Completed in 1ms
19 timing npm:load:mkdirplogs Completed in 0ms
20 verbose title npm install
21 verbose argv "install"
22 timing npm:load:setTitle Completed in 2ms
23 timing npm:load:display Completed in 2ms
24 verbose logfile logs-max:10 dir:/home/container/.npm/_logs/2023-09-27T03_09_46_914Z-
25 verbose logfile /home/container/.npm/_logs/2023-09-27T03_09_46_914Z-debug-0.log
26 timing npm:load:logFile Completed in 23ms
27 timing npm:load:timers Completed in 0ms
28 timing npm:load:configScope Completed in 0ms
29 timing npm:load Completed in 413ms
30 timing arborist:ctor Completed in 2ms
31 silly logfile done cleaning log files
32 timing idealTree:init Completed in 502ms
33 timing idealTree:userRequests Completed in 1ms
34 silly idealTree buildDeps
35 timing idealTree:#root Completed in 1ms
36 timing idealTree:buildDeps Completed in 2ms
37 timing idealTree:fixDepFlags Completed in 0ms
38 timing idealTree Completed in 512ms
39 timing arborist:ctor Completed in 0ms
40 timing reify:loadTrees Completed in 700ms
41 timing reify:diffTrees Completed in 5ms
42 silly reify moves {}
43 timing reify:retireShallow Completed in 1ms
44 timing reify:createSparse Completed in 0ms
45 timing reify:loadBundles Completed in 0ms
46 silly audit bulk request {
46 silly audit   '@discordjs/builders': [ '1.6.5' ],
46 silly audit   '@discordjs/collection': [ '1.5.3' ],
46 silly audit   '@discordjs/formatters': [ '0.3.2' ],
46 silly audit   '@discordjs/rest': [ '2.0.1' ],
46 silly audit   '@discordjs/util': [ '1.0.1' ],
46 silly audit   '@discordjs/ws': [ '1.0.1' ],
46 silly audit   '@sapphire/async-queue': [ '1.5.0' ],
46 silly audit   '@sapphire/shapeshift': [ '3.9.2' ],
46 silly audit   '@sapphire/snowflake': [ '3.5.1' ],
46 silly audit   '@types/node': [ '20.5.6' ],
46 silly audit   '@types/ws': [ '8.5.5' ],
46 silly audit   '@vladfrangu/async_event_emitter': [ '2.2.2' ],
46 silly audit   ajv: [ '6.12.6' ],
46 silly audit   asn1: [ '0.2.6' ],
46 silly audit   'assert-plus': [ '1.0.0' ],
46 silly audit   asynckit: [ '0.4.0' ],
46 silly audit   'aws-sign2': [ '0.7.0' ],
46 silly audit   aws4: [ '1.12.0' ],
46 silly audit   'bcrypt-pbkdf': [ '1.0.2' ],
46 silly audit   busboy: [ '1.6.0' ],
46 silly audit   caseless: [ '0.12.0' ],
46 silly audit   'combined-stream': [ '1.0.8' ],
46 silly audit   'core-util-is': [ '1.0.2' ],
46 silly audit   dashdash: [ '1.14.1' ],
46 silly audit   'delayed-stream': [ '1.0.0' ],
46 silly audit   'discord-api-types': [ '0.37.50' ],
46 silly audit   'discord.js': [ '14.13.0' ],
46 silly audit   'ecc-jsbn': [ '0.1.2' ],
46 silly audit   extend: [ '3.0.2' ],
46 silly audit   extsprintf: [ '1.3.0' ],
46 silly audit   'fast-deep-equal': [ '3.1.3' ],
46 silly audit   'fast-json-stable-stringify': [ '2.1.0' ],
46 silly audit   'forever-agent': [ '0.6.1' ],
46 silly audit   'form-data': [ '2.3.3' ],
46 silly audit   getpass: [ '0.1.7' ],
46 silly audit   'har-schema': [ '2.0.0' ],
46 silly audit   'har-validator': [ '5.1.5' ],
46 silly audit   'http-signature': [ '1.2.0' ],
46 silly audit   'is-typedarray': [ '1.0.0' ],
46 silly audit   isstream: [ '0.1.2' ],
46 silly audit   jsbn: [ '0.1.1' ],
46 silly audit   'json-schema': [ '0.4.0' ],
46 silly audit   'json-schema-traverse': [ '0.4.1' ],
46 silly audit   'json-stringify-safe': [ '5.0.1' ],
46 silly audit   jsprim: [ '1.4.2' ],
46 silly audit   lodash: [ '4.17.21' ],
46 silly audit   'lodash.snakecase': [ '4.1.1' ],
46 silly audit   'magic-bytes.js': [ '1.0.15' ],
46 silly audit   'mime-db': [ '1.52.0' ],
46 silly audit   'mime-types': [ '2.1.35' ],
46 silly audit   'oauth-sign': [ '0.9.0' ],
46 silly audit   'performance-now': [ '2.1.0' ],
46 silly audit   psl: [ '1.9.0' ],
46 silly audit   punycode: [ '2.3.0' ],
46 silly audit   qs: [ '6.5.3' ],
46 silly audit   request: [ '2.88.2' ],
46 silly audit   'safe-buffer': [ '5.2.1' ],
46 silly audit   'safer-buffer': [ '2.1.2' ],
46 silly audit   sshpk: [ '1.17.0' ],
46 silly audit   streamsearch: [ '1.1.0' ],
46 silly audit   'tough-cookie': [ '2.5.0' ],
46 silly audit   'ts-mixer': [ '6.0.3' ],
46 silly audit   tslib: [ '2.6.2' ],
46 silly audit   'tunnel-agent': [ '0.6.0' ],
46 silly audit   tweetnacl: [ '0.14.5' ],
46 silly audit   undici: [ '5.22.1' ],
46 silly audit   'uri-js': [ '4.4.1' ],
46 silly audit   uuid: [ '3.4.0' ],
46 silly audit   verror: [ '1.10.0' ],
46 silly audit   ws: [ '8.13.0' ]
46 silly audit }
47 timing reify:unpack Completed in 9ms
48 timing reify:unretire Completed in 231ms
49 timing build:queue Completed in 0ms
50 timing build:deps Completed in 1ms
51 timing build Completed in 2ms
52 timing reify:build Completed in 3ms
53 timing reify:trash Completed in 0ms
54 timing reify:save Completed in 471ms
55 http fetch POST 200 https://registry.npmjs.org/-/npm/v1/security/advisories/bulk 1089ms
56 timing auditReport:getReport Completed in 1174ms
57 silly audit report {
57 silly audit report   request: [
57 silly audit report     {
57 silly audit report       id: 1092972,
57 silly audit report       url: 'https://github.com/advisories/GHSA-p8p7-x288-28g6',
57 silly audit report       title: 'Server-Side Request Forgery in Request',
57 silly audit report       severity: 'moderate',
57 silly audit report       vulnerable_versions: '<=2.88.2',
57 silly audit report       cwe: [Array],
57 silly audit report       cvss: [Object]
57 silly audit report     }
57 silly audit report   ],
57 silly audit report   'tough-cookie': [
57 silly audit report     {
57 silly audit report       id: 1092470,
57 silly audit report       url: 'https://github.com/advisories/GHSA-72xf-g2v4-qvf3',
57 silly audit report       title: 'tough-cookie Prototype Pollution vulnerability',
57 silly audit report       severity: 'moderate',
57 silly audit report       vulnerable_versions: '<4.1.3',
57 silly audit report       cwe: [Array],
57 silly audit report       cvss: [Object]
57 silly audit report     }
57 silly audit report   ]
57 silly audit report }
58 timing metavuln:cache:get:security-advisory:request:koWeGxnAvq4FABswDKpuz/5A9Fh4CEpyLScKR4Vcx8PqZAOQWapHQFcG4Z93jnNvMUUR00ZbC/YEgKSGkn+lcw== Completed in 97ms
59 timing metavuln:cache:get:security-advisory:tough-cookie:VNuwVxANcCKf9fmuD0Vt2V7tyUFg0MOcTBXo66LvguhCeFU0pqdKjCffmtFFsDUZMFdCTHimURRZB0jVSz1wRg== Completed in 95ms
60 http fetch GET 200 https://registry.npmjs.org/tough-cookie 103ms (cache hit)
61 timing metavuln:packument:tough-cookie Completed in 105ms
62 timing metavuln:load:security-advisory:tough-cookie:1092470 Completed in 1ms
63 timing metavuln:calculate:security-advisory:tough-cookie:1092470 Completed in 106ms
64 http fetch GET 200 https://registry.npmjs.org/request 107ms (cache hit)
65 timing metavuln:packument:request Completed in 111ms
66 timing metavuln:load:security-advisory:request:1092972 Completed in 2ms
67 timing metavuln:calculate:security-advisory:request:1092972 Completed in 115ms
68 timing metavuln:cache:get:security-advisory:request:ha9I6cGuLN/1vrRjDs9jKCHGoyshzsZrn3liVXlwfWRxB2E/mWSVQsFkapkL7FqkKtl0mJVld9k3Junaf5/m0g== Completed in 3ms
69 timing metavuln:load:security-advisory:request:VNuwVxANcCKf9fmuD0Vt2V7tyUFg0MOcTBXo66LvguhCeFU0pqdKjCffmtFFsDUZMFdCTHimURRZB0jVSz1wRg== Completed in 1ms
70 timing metavuln:calculate:security-advisory:request:VNuwVxANcCKf9fmuD0Vt2V7tyUFg0MOcTBXo66LvguhCeFU0pqdKjCffmtFFsDUZMFdCTHimURRZB0jVSz1wRg== Completed in 4ms
71 timing auditReport:init Completed in 311ms
72 timing reify:audit Completed in 1487ms
73 timing reify Completed in 2289ms
74 timing command:install Completed in 2404ms
75 verbose exit 0
76 timing npm Completed in 3914ms
77 info ok
